<?xml version="1.0" encoding="UTF-8"?>
<!-- Generated by org.testng.reporters.JUnitXMLReporter -->
<testsuite hostname="LAPTOP-2PRRMHPJ" ignored="0" name="Surefire test" tests="6" failures="0" timestamp="24 Apr 2023 22:47:11 GMT" time="217.014" errors="0">
  <testcase name="verifyNinjaTutorialLoginWithValidUsernameAndValidPassword" time="2.004" classname="com.tutorialninja.qa.testcases.LoginTest"/>
  <testcase name="verifyNinjaTutorialLoginWithValidUsernameAndValidPassword" time="1.15" classname="com.tutorialninja.qa.testcases.LoginTest"/>
  <testcase name="verifyNinjaTutorialLoginWithValidUsernameAndValidPassword" time="1.19" classname="com.tutorialninja.qa.testcases.LoginTest"/>
  <testcase name="verifyNinjaTutorialLoginWithValidUsernameAndValidPassword" time="1.287" classname="com.tutorialninja.qa.testcases.LoginTest"/>
  <testcase name="enterAllValidFields" time="29.392" classname="com.tutorialninja.qa.testcases.RegisterTest"/>
  <testcase name="enterSearchField" time="0.997" classname="com.tutorialninja.qa.testcases.SearchTest"/>
</testsuite> <!-- Surefire test -->
